# JRE version: Java(TM) SE Runtime Environment (8.0_101-b13) (build 1.8.0_101-b13)
# Java VM: Java HotSpot(TM) 64-Bit Server VM (25.101-b13 mixed mode linux-amd64 compressed oops)
Heap:
 PSYoungGen      total 245248K, used 23427K [0x00000000eab00000, 0x0000000100000000, 0x0000000100000000)
  eden space 174080K, 0% used [0x00000000eab00000,0x00000000eab00000,0x00000000f5500000)
  from space 71168K, 32% used [0x00000000f5500000,0x00000000f6be0e28,0x00000000f9a80000)
  to   space 103936K, 0% used [0x00000000f9a80000,0x00000000f9a80000,0x0000000100000000)
 ParOldGen       total 167424K, used 166932K [0x00000000c0000000, 0x00000000ca380000, 0x00000000eab00000)
  object space 167424K, 99% used [0x00000000c0000000,0x00000000ca305008,0x00000000ca380000)
 Metaspace       used 6094K, capacity 7000K, committed 7168K, reserved 1056768K
  class space    used 610K, capacity 656K, committed 768K, reserved 1048576K
GC Heap History (10 events):
Event: 12.394 GC heap after
Heap after GC invocations=7 (full 1):
 PSYoungGen      total 124928K, used 9613K [0x00000000eab00000, 0x00000000f5d00000, 0x0000000100000000)
  eden space 112128K, 0% used [0x00000000eab00000,0x00000000eab00000,0x00000000f1880000)
  from space 12800K, 75% used [0x00000000f3380000,0x00000000f3ce3648,0x00000000f4000000)
  to   space 27648K, 0% used [0x00000000f1880000,0x00000000f1880000,0x00000000f3380000)
 ParOldGen       total 82944K, used 42364K [0x00000000c0000000, 0x00000000c5100000, 0x00000000eab00000)
  object space 82944K, 51% used [0x00000000c0000000,0x00000000c295f1b0,0x00000000c5100000)
 Metaspace       used 6085K, capacity 7000K, committed 7168K, reserved 1056768K
  class space    used 609K, capacity 656K, committed 768K, reserved 1048576K
}
Event: 13.390 GC heap before
{Heap before GC invocations=8 (full 1):
 PSYoungGen      total 124928K, used 121741K [0x00000000eab00000, 0x00000000f5d00000, 0x0000000100000000)
  eden space 112128K, 100% used [0x00000000eab00000,0x00000000f1880000,0x00000000f1880000)
  from space 12800K, 75% used [0x00000000f3380000,0x00000000f3ce3648,0x00000000f4000000)
  to   space 27648K, 0% used [0x00000000f1880000,0x00000000f1880000,0x00000000f3380000)
 ParOldGen       total 82944K, used 42364K [0x00000000c0000000, 0x00000000c5100000, 0x00000000eab00000)
  object space 82944K, 51% used [0x00000000c0000000,0x00000000c295f1b0,0x00000000c5100000)
 Metaspace       used 6094K, capacity 7000K, committed 7168K, reserved 1056768K
  class space    used 610K, capacity 656K, committed 768K, reserved 1048576K
Event: 13.519 GC heap after
Heap after GC invocations=8 (full 1):
 PSYoungGen      total 139776K, used 27643K [0x00000000eab00000, 0x00000000fd880000, 0x0000000100000000)
  eden space 112128K, 0% used [0x00000000eab00000,0x00000000eab00000,0x00000000f1880000)
  from space 27648K, 99% used [0x00000000f1880000,0x00000000f337ee80,0x00000000f3380000)
  to   space 57856K, 0% used [0x00000000fa000000,0x00000000fa000000,0x00000000fd880000)
 ParOldGen       total 91136K, used 90632K [0x00000000c0000000, 0x00000000c5900000, 0x00000000eab00000)
  object space 91136K, 99% used [0x00000000c0000000,0x00000000c5882230,0x00000000c5900000)
 Metaspace       used 6094K, capacity 7000K, committed 7168K, reserved 1056768K
  class space    used 610K, capacity 656K, committed 768K, reserved 1048576K
}
Event: 13.519 GC heap before
{Heap before GC invocations=9 (full 2):
 PSYoungGen      total 139776K, used 27643K [0x00000000eab00000, 0x00000000fd880000, 0x0000000100000000)
  eden space 112128K, 0% used [0x00000000eab00000,0x00000000eab00000,0x00000000f1880000)
  from space 27648K, 99% used [0x00000000f1880000,0x00000000f337ee80,0x00000000f3380000)
  to   space 57856K, 0% used [0x00000000fa000000,0x00000000fa000000,0x00000000fd880000)
 ParOldGen       total 91136K, used 90632K [0x00000000c0000000, 0x00000000c5900000, 0x00000000eab00000)
  object space 91136K, 99% used [0x00000000c0000000,0x00000000c5882230,0x00000000c5900000)
 Metaspace       used 6094K, capacity 7000K, committed 7168K, reserved 1056768K
  class space    used 610K, capacity 656K, committed 768K, reserved 1048576K
Event: 14.220 GC heap after
Heap after GC invocations=9 (full 2):
 PSYoungGen      total 139776K, used 19777K [0x00000000eab00000, 0x00000000fd880000, 0x0000000100000000)
  eden space 112128K, 0% used [0x00000000eab00000,0x00000000eab00000,0x00000000f1880000)
  from space 27648K, 71% used [0x00000000f1880000,0x00000000f2bd0478,0x00000000f3380000)
  to   space 57856K, 0% used [0x00000000fa000000,0x00000000fa000000,0x00000000fd880000)
 ParOldGen       total 167424K, used 90826K [0x00000000c0000000, 0x00000000ca380000, 0x00000000eab00000)
  object space 167424K, 54% used [0x00000000c0000000,0x00000000c58b2bd8,0x00000000ca380000)
 Metaspace       used 6094K, capacity 7000K, committed 7168K, reserved 1056768K
  class space    used 610K, capacity 656K, committed 768K, reserved 1048576K
}
Event: 14.333 GC heap before
{Heap before GC invocations=10 (full 2):
 PSYoungGen      total 139776K, used 131905K [0x00000000eab00000, 0x00000000fd880000, 0x0000000100000000)
  eden space 112128K, 100% used [0x00000000eab00000,0x00000000f1880000,0x00000000f1880000)
  from space 27648K, 71% used [0x00000000f1880000,0x00000000f2bd0478,0x00000000f3380000)
  to   space 57856K, 0% used [0x00000000fa000000,0x00000000fa000000,0x00000000fd880000)
 ParOldGen       total 167424K, used 90826K [0x00000000c0000000, 0x00000000ca380000, 0x00000000eab00000)
  object space 167424K, 54% used [0x00000000c0000000,0x00000000c58b2bd8,0x00000000ca380000)
 Metaspace       used 6094K, capacity 7000K, committed 7168K, reserved 1056768K
  class space    used 610K, capacity 656K, committed 768K, reserved 1048576K
Event: 19.012 GC heap after
Heap after GC invocations=10 (full 2):
 PSYoungGen      total 231936K, used 57830K [0x00000000eab00000, 0x00000000fe000000, 0x0000000100000000)
  eden space 174080K, 0% used [0x00000000eab00000,0x00000000eab00000,0x00000000f5500000)
  from space 57856K, 99% used [0x00000000fa000000,0x00000000fd879970,0x00000000fd880000)
  to   space 71168K, 0% used [0x00000000f5500000,0x00000000f5500000,0x00000000f9a80000)
 ParOldGen       total 167424K, used 94274K [0x00000000c0000000, 0x00000000ca380000, 0x00000000eab00000)
  object space 167424K, 56% used [0x00000000c0000000,0x00000000c5c10bd8,0x00000000ca380000)
 Metaspace       used 6094K, capacity 7000K, committed 7168K, reserved 1056768K
  class space    used 610K, capacity 656K, committed 768K, reserved 1048576K
}
Event: 24.201 GC heap before
{Heap before GC invocations=11 (full 2):
 PSYoungGen      total 231936K, used 231910K [0x00000000eab00000, 0x00000000fe000000, 0x0000000100000000)
  eden space 174080K, 100% used [0x00000000eab00000,0x00000000f5500000,0x00000000f5500000)
  from space 57856K, 99% used [0x00000000fa000000,0x00000000fd879970,0x00000000fd880000)
  to   space 71168K, 0% used [0x00000000f5500000,0x00000000f5500000,0x00000000f9a80000)
 ParOldGen       total 167424K, used 94274K [0x00000000c0000000, 0x00000000ca380000, 0x00000000eab00000)
  object space 167424K, 56% used [0x00000000c0000000,0x00000000c5c10bd8,0x00000000ca380000)
 Metaspace       used 6094K, capacity 7000K, committed 7168K, reserved 1056768K
  class space    used 610K, capacity 656K, committed 768K, reserved 1048576K
Event: 41.896 GC heap after
Heap after GC invocations=11 (full 2):
 PSYoungGen      total 245248K, used 71160K [0x00000000eab00000, 0x0000000100000000, 0x0000000100000000)
  eden space 174080K, 0% used [0x00000000eab00000,0x00000000eab00000,0x00000000f5500000)
  from space 71168K, 99% used [0x00000000f5500000,0x00000000f9a7e2d8,0x00000000f9a80000)
  to   space 103936K, 0% used [0x00000000f9a80000,0x00000000f9a80000,0x0000000100000000)
 ParOldGen       total 167424K, used 163940K [0x00000000c0000000, 0x00000000ca380000, 0x00000000eab00000)
  object space 167424K, 97% used [0x00000000c0000000,0x00000000ca0191e8,0x00000000ca380000)
 Metaspace       used 6094K, capacity 7000K, committed 7168K, reserved 1056768K
  class space    used 610K, capacity 656K, committed 768K, reserved 1048576K
}
Event: 41.896 GC heap before
{Heap before GC invocations=12 (full 3):
 PSYoungGen      total 245248K, used 71160K [0x00000000eab00000, 0x0000000100000000, 0x0000000100000000)
  eden space 174080K, 0% used [0x00000000eab00000,0x00000000eab00000,0x00000000f5500000)
  from space 71168K, 99% used [0x00000000f5500000,0x00000000f9a7e2d8,0x00000000f9a80000)
  to   space 103936K, 0% used [0x00000000f9a80000,0x00000000f9a80000,0x0000000100000000)
 ParOldGen       total 167424K, used 163940K [0x00000000c0000000, 0x00000000ca380000, 0x00000000eab00000)
  object space 167424K, 97% used [0x00000000c0000000,0x00000000ca0191e8,0x00000000ca380000)
 Metaspace       used 6094K, capacity 7000K, committed 7168K, reserved 1056768K
  class space    used 610K, capacity 656K, committed 768K, reserved 1048576K

