# JRE version: Java(TM) SE Runtime Environment (8.0_101-b13) (build 1.8.0_101-b13)
# Java VM: Java HotSpot(TM) 64-Bit Server VM (25.101-b13 mixed mode linux-amd64 compressed oops)
Heap:
 PSYoungGen      total 257536K, used 6790K [0x00000000eab00000, 0x0000000100000000, 0x0000000100000000)
  eden space 179200K, 0% used [0x00000000eab00000,0x00000000eab00000,0x00000000f5a00000)
  from space 78336K, 8% used [0x00000000fb380000,0x00000000fba21a08,0x0000000100000000)
  to   space 84992K, 0% used [0x00000000f5a00000,0x00000000f5a00000,0x00000000fad00000)
 ParOldGen       total 176128K, used 175822K [0x00000000c0000000, 0x00000000cac00000, 0x00000000eab00000)
  object space 176128K, 99% used [0x00000000c0000000,0x00000000cabb39a8,0x00000000cac00000)
 Metaspace       used 6230K, capacity 7128K, committed 7424K, reserved 1056768K
  class space    used 611K, capacity 656K, committed 768K, reserved 1048576K
GC Heap History (10 events):
Event: 49.162 GC heap after
Heap after GC invocations=13 (full 2):
 PSYoungGen      total 202240K, used 202227K [0x00000000eab00000, 0x00000000fc480000, 0x0000000100000000)
  eden space 150016K, 100% used [0x00000000eab00000,0x00000000f3d80000,0x00000000f3d80000)
  from space 52224K, 99% used [0x00000000f7f00000,0x00000000fb1fcdb0,0x00000000fb200000)
  to   space 67072K, 43% used [0x00000000f3d80000,0x00000000f59ad7d0,0x00000000f7f00000)
 ParOldGen       total 174080K, used 173944K [0x00000000c0000000, 0x00000000caa00000, 0x00000000eab00000)
  object space 174080K, 99% used [0x00000000c0000000,0x00000000ca9de290,0x00000000caa00000)
 Metaspace       used 6194K, capacity 7128K, committed 7424K, reserved 1056768K
  class space    used 611K, capacity 656K, committed 768K, reserved 1048576K
}
Event: 49.162 GC heap before
{Heap before GC invocations=14 (full 3):
 PSYoungGen      total 202240K, used 202227K [0x00000000eab00000, 0x00000000fc480000, 0x0000000100000000)
  eden space 150016K, 100% used [0x00000000eab00000,0x00000000f3d80000,0x00000000f3d80000)
  from space 52224K, 99% used [0x00000000f7f00000,0x00000000fb1fcdb0,0x00000000fb200000)
  to   space 67072K, 43% used [0x00000000f3d80000,0x00000000f59ad7d0,0x00000000f7f00000)
 ParOldGen       total 174080K, used 173944K [0x00000000c0000000, 0x00000000caa00000, 0x00000000eab00000)
  object space 174080K, 99% used [0x00000000c0000000,0x00000000ca9de290,0x00000000caa00000)
 Metaspace       used 6194K, capacity 7128K, committed 7424K, reserved 1056768K
  class space    used 611K, capacity 656K, committed 768K, reserved 1048576K
Event: 50.520 GC heap after
Heap after GC invocations=14 (full 3):
 PSYoungGen      total 202240K, used 0K [0x00000000eab00000, 0x00000000fc480000, 0x0000000100000000)
  eden space 150016K, 0% used [0x00000000eab00000,0x00000000eab00000,0x00000000f3d80000)
  from space 52224K, 0% used [0x00000000f7f00000,0x00000000f7f00000,0x00000000fb200000)
  to   space 67072K, 30% used [0x00000000f3d80000,0x00000000f5134960,0x00000000f7f00000)
 ParOldGen       total 228352K, used 174013K [0x00000000c0000000, 0x00000000cdf00000, 0x00000000eab00000)
  object space 228352K, 76% used [0x00000000c0000000,0x00000000ca9ef4e8,0x00000000cdf00000)
 Metaspace       used 6194K, capacity 7128K, committed 7424K, reserved 1056768K
  class space    used 611K, capacity 656K, committed 768K, reserved 1048576K
}
Event: 51.919 GC heap before
{Heap before GC invocations=15 (full 4):
 PSYoungGen      total 202240K, used 150016K [0x00000000eab00000, 0x00000000fc480000, 0x0000000100000000)
  eden space 150016K, 100% used [0x00000000eab00000,0x00000000f3d80000,0x00000000f3d80000)
  from space 52224K, 0% used [0x00000000f7f00000,0x00000000f7f00000,0x00000000fb200000)
  to   space 67072K, 30% used [0x00000000f3d80000,0x00000000f5134960,0x00000000f7f00000)
 ParOldGen       total 228352K, used 174013K [0x00000000c0000000, 0x00000000cdf00000, 0x00000000eab00000)
  object space 228352K, 76% used [0x00000000c0000000,0x00000000ca9ef4e8,0x00000000cdf00000)
 Metaspace       used 6208K, capacity 7128K, committed 7424K, reserved 1056768K
  class space    used 611K, capacity 656K, committed 768K, reserved 1048576K
Event: 52.845 GC heap after
Heap after GC invocations=15 (full 4):
 PSYoungGen      total 202240K, used 0K [0x00000000eab00000, 0x00000000fc480000, 0x0000000100000000)
  eden space 150016K, 0% used [0x00000000eab00000,0x00000000eab00000,0x00000000f3d80000)
  from space 52224K, 0% used [0x00000000f7f00000,0x00000000f7f00000,0x00000000fb200000)
  to   space 67072K, 0% used [0x00000000f3d80000,0x00000000f3d80000,0x00000000f7f00000)
 ParOldGen       total 166400K, used 107943K [0x00000000c0000000, 0x00000000ca280000, 0x00000000eab00000)
  object space 166400K, 64% used [0x00000000c0000000,0x00000000c6969c00,0x00000000ca280000)
 Metaspace       used 6208K, capacity 7128K, committed 7424K, reserved 1056768K
  class space    used 611K, capacity 656K, committed 768K, reserved 1048576K
}
Event: 53.248 GC heap before
{Heap before GC invocations=16 (full 4):
 PSYoungGen      total 202240K, used 150016K [0x00000000eab00000, 0x00000000fc480000, 0x0000000100000000)
  eden space 150016K, 100% used [0x00000000eab00000,0x00000000f3d80000,0x00000000f3d80000)
  from space 52224K, 0% used [0x00000000f7f00000,0x00000000f7f00000,0x00000000fb200000)
  to   space 67072K, 0% used [0x00000000f3d80000,0x00000000f3d80000,0x00000000f7f00000)
 ParOldGen       total 166400K, used 107943K [0x00000000c0000000, 0x00000000ca280000, 0x00000000eab00000)
  object space 166400K, 64% used [0x00000000c0000000,0x00000000c6969c00,0x00000000ca280000)
 Metaspace       used 6221K, capacity 7128K, committed 7424K, reserved 1056768K
  class space    used 611K, capacity 656K, committed 768K, reserved 1048576K
Event: 55.736 GC heap after
Heap after GC invocations=16 (full 4):
 PSYoungGen      total 217088K, used 65880K [0x00000000eab00000, 0x0000000100000000, 0x0000000100000000)
  eden space 150016K, 0% used [0x00000000eab00000,0x00000000eab00000,0x00000000f3d80000)
  from space 67072K, 98% used [0x00000000f3d80000,0x00000000f7dd6358,0x00000000f7f00000)
  to   space 78336K, 0% used [0x00000000fb380000,0x00000000fb380000,0x0000000100000000)
 ParOldGen       total 166400K, used 107943K [0x00000000c0000000, 0x00000000ca280000, 0x00000000eab00000)
  object space 166400K, 64% used [0x00000000c0000000,0x00000000c6969c00,0x00000000ca280000)
 Metaspace       used 6221K, capacity 7128K, committed 7424K, reserved 1056768K
  class space    used 611K, capacity 656K, committed 768K, reserved 1048576K
}
Event: 56.168 GC heap before
{Heap before GC invocations=17 (full 4):
 PSYoungGen      total 217088K, used 215896K [0x00000000eab00000, 0x0000000100000000, 0x0000000100000000)
  eden space 150016K, 100% used [0x00000000eab00000,0x00000000f3d80000,0x00000000f3d80000)
  from space 67072K, 98% used [0x00000000f3d80000,0x00000000f7dd6358,0x00000000f7f00000)
  to   space 78336K, 0% used [0x00000000fb380000,0x00000000fb380000,0x0000000100000000)
 ParOldGen       total 166400K, used 107943K [0x00000000c0000000, 0x00000000ca280000, 0x00000000eab00000)
  object space 166400K, 64% used [0x00000000c0000000,0x00000000c6969c00,0x00000000ca280000)
 Metaspace       used 6230K, capacity 7128K, committed 7424K, reserved 1056768K
  class space    used 611K, capacity 656K, committed 768K, reserved 1048576K
Event: 61.562 GC heap after
Heap after GC invocations=17 (full 4):
 PSYoungGen      total 257536K, used 58692K [0x00000000eab00000, 0x0000000100000000, 0x0000000100000000)
  eden space 179200K, 0% used [0x00000000eab00000,0x00000000eab00000,0x00000000f5a00000)
  from space 78336K, 74% used [0x00000000fb380000,0x00000000fecd11e0,0x0000000100000000)
  to   space 84992K, 0% used [0x00000000f5a00000,0x00000000f5a00000,0x00000000fad00000)
 ParOldGen       total 176128K, used 174148K [0x00000000c0000000, 0x00000000cac00000, 0x00000000eab00000)
  object space 176128K, 98% used [0x00000000c0000000,0x00000000caa11230,0x00000000cac00000)
 Metaspace       used 6230K, capacity 7128K, committed 7424K, reserved 1056768K
  class space    used 611K, capacity 656K, committed 768K, reserved 1048576K
}
Event: 61.562 GC heap before
{Heap before GC invocations=18 (full 5):
 PSYoungGen      total 257536K, used 58692K [0x00000000eab00000, 0x0000000100000000, 0x0000000100000000)
  eden space 179200K, 0% used [0x00000000eab00000,0x00000000eab00000,0x00000000f5a00000)
  from space 78336K, 74% used [0x00000000fb380000,0x00000000fecd11e0,0x0000000100000000)
  to   space 84992K, 0% used [0x00000000f5a00000,0x00000000f5a00000,0x00000000fad00000)
 ParOldGen       total 176128K, used 174148K [0x00000000c0000000, 0x00000000cac00000, 0x00000000eab00000)
  object space 176128K, 98% used [0x00000000c0000000,0x00000000caa11230,0x00000000cac00000)
 Metaspace       used 6230K, capacity 7128K, committed 7424K, reserved 1056768K
  class space    used 611K, capacity 656K, committed 768K, reserved 1048576K

